<?xml version="1.0" encoding="UTF-8"?>
<robot generator="Robot 7.1.1 (Python 3.10.12 on linux)" generated="2024-11-18T12:15:02.960125" rpa="false" schemaversion="5">
<suite id="s1" name="Preenchimento Incorreto" source="/home/matheus/Documentos/curso-robot/preenchimento_incorreto.robot">
<test id="s1-t1" name="Verificar se quando um campo obrigatório não for preenchido corretamente o sistema exibe uma mensagem de campo obrigatório" line="11">
<kw name="Dado que eu acesse o Organo" owner="setup_teardown" type="SETUP">
<kw name="Open Browser" owner="SeleniumLibrary">
<msg time="2024-11-18T12:15:03.110044" level="INFO">Opening browser 'Chrome' to base url 'http://localhost:3000/'.</msg>
<arg>url=http://localhost:3000/</arg>
<arg>browser=Chrome</arg>
<doc>Opens a new browser instance to the optional ``url``.</doc>
<status status="PASS" start="2024-11-18T12:15:03.109707" elapsed="1.026140"/>
</kw>
<status status="PASS" start="2024-11-18T12:15:03.108654" elapsed="1.027465"/>
</kw>
<kw name="Dado que eu clique no botão &quot;Criar Card&quot;">
<kw name="Click Element" owner="SeleniumLibrary">
<msg time="2024-11-18T12:15:04.139071" level="INFO">Clicking element 'id:form-botao'.</msg>
<arg>${BOTAO_CARD}</arg>
<doc>Click the element identified by ``locator``.</doc>
<status status="PASS" start="2024-11-18T12:15:04.137944" elapsed="0.118825"/>
</kw>
<status status="PASS" start="2024-11-18T12:15:04.136780" elapsed="0.120236"/>
</kw>
<kw name="Então sistema deve apresentar mensagem de campo obrigatório">
<kw name="Element Should Be Visible" owner="SeleniumLibrary">
<msg time="2024-11-18T12:15:04.295157" level="INFO">Element 'id:form-nome-erro' is displayed.</msg>
<arg>id:form-nome-erro</arg>
<doc>Verifies that the element identified by ``locator`` is visible.</doc>
<status status="PASS" start="2024-11-18T12:15:04.258743" elapsed="0.036739"/>
</kw>
<kw name="Element Should Be Visible" owner="SeleniumLibrary">
<msg time="2024-11-18T12:15:04.330091" level="INFO">Element 'id:form-cargo-erro' is displayed.</msg>
<arg>id:form-cargo-erro</arg>
<doc>Verifies that the element identified by ``locator`` is visible.</doc>
<status status="PASS" start="2024-11-18T12:15:04.296012" elapsed="0.034311"/>
</kw>
<kw name="Element Should Be Visible" owner="SeleniumLibrary">
<msg time="2024-11-18T12:15:04.361472" level="INFO">Element 'id:form-times-erro' is displayed.</msg>
<arg>id:form-times-erro</arg>
<doc>Verifies that the element identified by ``locator`` is visible.</doc>
<status status="PASS" start="2024-11-18T12:15:04.330727" elapsed="0.031017"/>
</kw>
<status status="PASS" start="2024-11-18T12:15:04.257571" elapsed="0.104473"/>
</kw>
<kw name="Fechar o navegador" owner="setup_teardown" type="TEARDOWN">
<kw name="Close Browser" owner="SeleniumLibrary">
<doc>Closes the current browser.</doc>
<status status="PASS" start="2024-11-18T12:15:04.363973" elapsed="0.078489"/>
</kw>
<status status="PASS" start="2024-11-18T12:15:04.362948" elapsed="0.079766"/>
</kw>
<status status="PASS" start="2024-11-18T12:15:03.107490" elapsed="1.335414"/>
</test>
<status status="PASS" start="2024-11-18T12:15:02.961412" elapsed="1.482663"/>
</suite>
<statistics>
<total>
<stat pass="1" fail="0" skip="0">All Tests</stat>
</total>
<tag>
</tag>
<suite>
<stat pass="1" fail="0" skip="0" id="s1" name="Preenchimento Incorreto">Preenchimento Incorreto</stat>
</suite>
</statistics>
<errors>
</errors>
</robot>
